49
Cablu USB alb 5.99 50 1
Cablu HDMI negru 10.5 50 1
Mouse-pad SteelSeries negru 20.75 40 1
Mouse-pad Razer verde 25.75 30 1
Memory-stick SanDisk albastru 30.25 30 1
Mouse-pad Corsair negru 30.75 30 1
Mouse Logitech roz 35.5 20 1
Mouse Microsoft negru 40.5 20 1
Memory-stick Kingston rosu 40.75 25 1
Mouse Logitech albastru 50.5 20 1
Webcam Microsoft negru 60.75 15 1
Incarcator Samsung negru 60.99 25 1
Webcam Logitech argintie 70.5 15 1
Tastatura Logitech neagra 80.25 15 1
Router D-Link negru 80.25 8 1
Router TP-Link alb 80.75 30 1
Incarcator Apple alb 80.99 20 1
Hard-disk Toshiba argintiu 90.25 20 1
SSD Kingston albastru 90.99 20 1
Tastatura HP negru 100.25 15 1
Casti Skullcandy albe 100.99 10 0
Router Asus negru 120.25 8 1
Imprimanta HP neagra 120.25 15 1
Hard-disk Seagate negru 120.5 25 1
Tastatura Corsair rosie 120.5 15 1
Tastatura Razer verde 150.25 15 1
Hard-disk WD negru 150.25 20 1
Casti JBL rosii 150.99 12 0
SSD Samsung negru 150.99 20 1
Imprimanta Epson alba 180.25 15 1
Casti Sennheiser negre 180.99 8 0
Casti Sony rosu 200.99 8 0
Boxa Sony neagra 250.75 10 1
Casti Bose albe 250.99 10 0
Boxe Bose gri 300 7 0
Casti Beats negre 300.99 10 0
Tableta Lenovo neagra 350.25 10 1
Monitor LG negru 400.5 12 1
Casti Apple albe 400.5 5 1
Boxe Sony rosii 400.99 7 1
Tableta Samsung albastra 450.25 10 1
Monitor Dell argintiu 600.5 12 1
Smartwatch Apple argintiu 600.99 18 1
Camera Nikon neagra 700.5 5 0
Camera Canon rosie 800.75 5 0
Telefon iPhone negru 1200.99 8 1
Telefon Samsung negru 1500.99 10 1
Laptop HP argintiu 1800.75 5 1
Laptop Dell argintiu 2500.75 5 1
